2019-04-26 00:31:01.285  INFO 7696 --- [main] com.vampire.SellApplication              : Starting SellApplication on bogon with PID 7696 (started by agaru in /Users/agaru/study/1. Java/sell)
2019-04-26 00:31:01.291  INFO 7696 --- [main] com.vampire.SellApplication              : No active profile set, falling back to default profiles: default
2019-04-26 00:31:01.366  INFO 7696 --- [main] ationConfigEmbeddedWebApplicationContext : Refreshing org.springframework.boot.context.embedded.AnnotationConfigEmbeddedWebApplicationContext@12e61fe6: startup date [Fri Apr 26 00:31:01 CST 2019]; root of context hierarchy
2019-04-26 00:31:02.369  INFO 7696 --- [main] s.b.c.e.t.TomcatEmbeddedServletContainer : Tomcat initialized with port(s): 8080 (http)
2019-04-26 00:31:02.393  INFO 7696 --- [main] o.apache.catalina.core.StandardService   : Starting service [Tomcat]
2019-04-26 00:31:02.393  INFO 7696 --- [main] org.apache.catalina.core.StandardEngine  : Starting Servlet Engine: Apache Tomcat/8.5.39
2019-04-26 00:31:02.471  INFO 7696 --- [localhost-startStop-1] o.a.c.c.C.[Tomcat].[localhost].[/sell]   : Initializing Spring embedded WebApplicationContext
2019-04-26 00:31:02.471  INFO 7696 --- [localhost-startStop-1] o.s.web.context.ContextLoader            : Root WebApplicationContext: initialization completed in 1105 ms
2019-04-26 00:31:02.619  INFO 7696 --- [localhost-startStop-1] o.s.b.w.servlet.ServletRegistrationBean  : Mapping servlet: 'dispatcherServlet' to [/]
2019-04-26 00:31:02.629  INFO 7696 --- [localhost-startStop-1] o.s.b.w.servlet.FilterRegistrationBean   : Mapping filter: 'characterEncodingFilter' to: [/*]
2019-04-26 00:31:02.629  INFO 7696 --- [localhost-startStop-1] o.s.b.w.servlet.FilterRegistrationBean   : Mapping filter: 'hiddenHttpMethodFilter' to: [/*]
2019-04-26 00:31:02.630  INFO 7696 --- [localhost-startStop-1] o.s.b.w.servlet.FilterRegistrationBean   : Mapping filter: 'httpPutFormContentFilter' to: [/*]
2019-04-26 00:31:02.631  INFO 7696 --- [localhost-startStop-1] o.s.b.w.servlet.FilterRegistrationBean   : Mapping filter: 'requestContextFilter' to: [/*]
2019-04-26 00:31:02.857  INFO 7696 --- [main] s.w.s.m.m.a.RequestMappingHandlerAdapter : Looking for @ControllerAdvice: org.springframework.boot.context.embedded.AnnotationConfigEmbeddedWebApplicationContext@12e61fe6: startup date [Fri Apr 26 00:31:01 CST 2019]; root of context hierarchy
2019-04-26 00:31:02.910  INFO 7696 --- [main] s.w.s.m.m.a.RequestMappingHandlerMapping : Mapped "{[/error]}" onto public org.springframework.http.ResponseEntity<java.util.Map<java.lang.String, java.lang.Object>> org.springframework.boot.autoconfigure.web.BasicErrorController.error(javax.servlet.http.HttpServletRequest)
2019-04-26 00:31:02.912  INFO 7696 --- [main] s.w.s.m.m.a.RequestMappingHandlerMapping : Mapped "{[/error],produces=[text/html]}" onto public org.springframework.web.servlet.ModelAndView org.springframework.boot.autoconfigure.web.BasicErrorController.errorHtml(javax.servlet.http.HttpServletRequest,javax.servlet.http.HttpServletResponse)
2019-04-26 00:31:02.933  INFO 7696 --- [main] o.s.w.s.handler.SimpleUrlHandlerMapping  : Mapped URL path [/webjars/**] onto handler of type [class org.springframework.web.servlet.resource.ResourceHttpRequestHandler]
2019-04-26 00:31:02.933  INFO 7696 --- [main] o.s.w.s.handler.SimpleUrlHandlerMapping  : Mapped URL path [/**] onto handler of type [class org.springframework.web.servlet.resource.ResourceHttpRequestHandler]
2019-04-26 00:31:02.955  INFO 7696 --- [main] o.s.w.s.handler.SimpleUrlHandlerMapping  : Mapped URL path [/**/favicon.ico] onto handler of type [class org.springframework.web.servlet.resource.ResourceHttpRequestHandler]
2019-04-26 00:31:03.051  INFO 7696 --- [main] o.s.j.e.a.AnnotationMBeanExporter        : Registering beans for JMX exposure on startup
2019-04-26 00:31:03.105  INFO 7696 --- [main] s.b.c.e.t.TomcatEmbeddedServletContainer : Tomcat started on port(s): 8080 (http)
2019-04-26 00:31:03.112  INFO 7696 --- [main] com.vampire.SellApplication              : Started SellApplication in 2.224 seconds (JVM running for 2.979)
2019-04-26 00:32:11.722  INFO 7696 --- [Thread-7] ationConfigEmbeddedWebApplicationContext : Closing org.springframework.boot.context.embedded.AnnotationConfigEmbeddedWebApplicationContext@12e61fe6: startup date [Fri Apr 26 00:31:01 CST 2019]; root of context hierarchy
2019-04-26 00:32:11.724  INFO 7696 --- [Thread-7] o.s.j.e.a.AnnotationMBeanExporter        : Unregistering JMX-exposed beans on shutdown
